<?xml version="1.0" encoding="UTF-8"?>
<!-- Generated by org.testng.reporters.JUnitReportReporter -->
<testsuite skipped="0" hostname="Dell-PC" name="testcases.PHPSeleniumTest" tests="1" failures="0" timestamp="21 Jul 2019 10:43:38 GMT" time="10.742" errors="0">
  <testcase name="websiteTest" time="10.742" classname="testcases.PHPSeleniumTest"/>
</testsuite> <!-- testcases.PHPSeleniumTest -->
